src/app/api/admin/financials/route.ts(29,39): error TS18047: 's.amountDue' is possibly 'null'.
src/app/api/admin/users/[userId]/accommodation/route.ts(15,35): error TS2552: Cannot find name 'getCurrentUser'. Did you mean 'currentUser'?
src/app/api/admin/users/[userId]/accommodation/route.ts(34,52): error TS2769: No overload matches this call.
  Overload 1 of 2, '(value: { userId: number | SQL<unknown> | Placeholder<string, any>; id?: number | SQL<unknown> | Placeholder<string, any> | undefined; status?: string | SQL<unknown> | Placeholder<...> | null | undefined; ... 6 more ...; numberOfDays?: number | ... 3 more ... | undefined; }): PgInsertBase<...>', gave the following error.
    Object literal may only specify known properties, and 'roomAllotted' does not exist in type '{ userId: number | SQL<unknown> | Placeholder<string, any>; id?: number | SQL<unknown> | Placeholder<string, any> | undefined; status?: string | SQL<unknown> | Placeholder<...> | null | undefined; ... 6 more ...; numberOfDays?: number | ... 3 more ... | undefined; }'.
  Overload 2 of 2, '(values: { userId: number | SQL<unknown> | Placeholder<string, any>; id?: number | SQL<unknown> | Placeholder<string, any> | undefined; status?: string | SQL<unknown> | Placeholder<...> | null | undefined; ... 6 more ...; numberOfDays?: number | ... 3 more ... | undefined; }[]): PgInsertBase<...>', gave the following error.
    Object literal may only specify known properties, and 'userId' does not exist in type '{ userId: number | SQL<unknown> | Placeholder<string, any>; id?: number | SQL<unknown> | Placeholder<string, any> | undefined; status?: string | SQL<unknown> | Placeholder<...> | null | undefined; ... 6 more ...; numberOfDays?: number | ... 3 more ... | undefined; }[]'.
src/auth.ts(24,19): error TS2322: Type '(credentials: Partial<Record<"email" | "password", unknown>>) => Promise<{ id: string; name: string; email: string; password: string | null; role: string | null; college: string | null; ... 11 more ...; gender: string | null; } | null>' is not assignable to type '(credentials: Partial<Record<"email" | "password", unknown>>, request: Request) => Awaitable<User | null>'.
  Type 'Promise<{ id: string; name: string; email: string; password: string | null; role: string | null; college: string | null; phone: string | null; state: string | null; district: string | null; ... 8 more ...; gender: string | null; } | null>' is not assignable to type 'Awaitable<User | null>'.
    Type 'Promise<{ id: string; name: string; email: string; password: string | null; role: string | null; college: string | null; phone: string | null; state: string | null; district: string | null; ... 8 more ...; gender: string | null; } | null>' is not assignable to type 'PromiseLike<User | null>'.
      Types of property 'then' are incompatible.
        Type '<TResult1 = { id: string; name: string; email: string; password: string | null; role: string | null; college: string | null; phone: string | null; state: string | null; district: string | null; ... 8 more ...; gender: string | null; } | null, TResult2 = never>(onfulfilled?: ((value: { ...; } | null) => TResult1 | Pr...' is not assignable to type '<TResult1 = User | null, TResult2 = never>(onfulfilled?: ((value: User | null) => TResult1 | PromiseLike<TResult1>) | null | undefined, onrejected?: ((reason: any) => TResult2 | PromiseLike<...>) | null | undefined) => PromiseLike<...>'.
          Types of parameters 'onfulfilled' and 'onfulfilled' are incompatible.
            Types of parameters 'value' and 'value' are incompatible.
              Type '{ id: string; name: string; email: string; password: string | null; role: string | null; college: string | null; phone: string | null; state: string | null; district: string | null; ... 8 more ...; gender: string | null; } | null' is not assignable to type 'User | null'.
                Type '{ id: string; name: string; email: string; password: string | null; role: string | null; college: string | null; phone: string | null; state: string | null; district: string | null; createdAt: Date | null; ... 7 more ...; gender: string | null; }' is not assignable to type 'User'.
                  Types of property 'role' are incompatible.
                    Type 'string | null' is not assignable to type 'string'.
                      Type 'null' is not assignable to type 'string'.
src/components/features/RegistrationDeskInterface.tsx(208,17): error TS2578: Unused '@ts-expect-error' directive.
